<?xml version="1.0" encoding="UTF-8"?>
<!-- Generated by org.testng.reporters.JUnitReportReporter -->
<testsuite skipped="0" hostname="Sameer-PC" name="qaclickacademy.Mavenjava.ResrApiTest" tests="2" failures="0" timestamp="2022-02-25T20:18:25 IST" time="0.000" errors="0">
  <testcase name="deleteTwitter" time="0.000" classname="qaclickacademy.Mavenjava.ResrApiTest"/>
  <system-out/>
  <testcase name="postJira" time="0.000" classname="qaclickacademy.Mavenjava.ResrApiTest"/>
  <system-out/>
</testsuite> <!-- qaclickacademy.Mavenjava.ResrApiTest -->
